<?xml version="1.0" encoding="UTF-8"?>
<testng-results ignored="0" total="1" passed="1" failed="0" skipped="0">
  <reporter-output>
  </reporter-output>
  <suite started-at="2023-02-19T11:59:06 IST" name="practice.test" finished-at="2023-02-19T11:59:06 IST" duration-ms="53">
    <groups>
    </groups>
    <test started-at="2023-02-19T11:59:06 IST" name="Command line test" finished-at="2023-02-19T11:59:06 IST" duration-ms="53">
      <class name="practice.test">
        <test-method signature="data()[pri:0, instance:practice.test@18a70f16]" started-at="2023-02-19T11:59:06 IST" name="data" finished-at="2023-02-19T11:59:06 IST" duration-ms="7" status="PASS">
          <reporter-output>
          </reporter-output>
        </test-method> <!-- data -->
      </class> <!-- practice.test -->
    </test> <!-- Command line test -->
  </suite> <!-- practice.test -->
</testng-results>
