<?xml version="1.0" encoding="UTF-8"?>
<testng-results ignored="0" total="1" passed="1" failed="0" skipped="0">
  <reporter-output>
  </reporter-output>
  <suite started-at="2023-02-16T18:18:41 IST" name="Default suite" finished-at="2023-02-16T18:18:41 IST" duration-ms="67">
    <groups>
    </groups>
    <test started-at="2023-02-16T18:18:41 IST" name="Default test" finished-at="2023-02-16T18:18:41 IST" duration-ms="67">
      <class name="practice.test">
        <test-method signature="data()[pri:0, instance:practice.test@5c30a9b0]" started-at="2023-02-16T18:18:41 IST" name="data" finished-at="2023-02-16T18:18:41 IST" duration-ms="14" status="PASS">
          <reporter-output>
          </reporter-output>
        </test-method> <!-- data -->
      </class> <!-- practice.test -->
    </test> <!-- Default test -->
  </suite> <!-- Default suite -->
</testng-results>
